Cocos2d: 
<dict>
	cocos2d.x.version: quick-cocos2d-x 2.2.5
	cocos2d.x.compiled_with_profiler: false
	cocos2d.x.compiled_with_gl_state_cache: true
	gl.vendor: NVIDIA Corporation
	gl.renderer: NVIDIA GeForce 310 OpenGL Engine
	gl.version: 2.1 NVIDIA-8.0.61
	gl.max_texture_size: 8192
	gl.max_texture_units: 16
	gl.supports_PVRTC: false
	gl.supports_NPOT: true
	gl.supports_BGRA8888: false
	gl.supports_discard_framebuffer: false
	gl.supports_vertex_array_object: true
</dict>
Cocos2d: lua_loadChunksFromZIP() - load zip file: /Users/student/Desktop/quick-cocos2d-x-2.2.5/lib/framework_precompiled/framework_precompiled.zip
Cocos2d: lua_loadChunksFromZIP() - loaded chunks count: 108
Cocos2d: ------------------------------------------------
Cocos2d: LOAD LUA FILE: /Users/student/Desktop/day_gold/scripts/main.lua
Cocos2d: ------------------------------------------------
Cocos2d: [0.0234] [INFO] 
Cocos2d: [0.0234] [INFO] # DEBUG                        = 1
Cocos2d: [0.0234] [INFO] #
Cocos2d: [0.0235] [INFO] # device.platform              = mac
Cocos2d: [0.0235] [INFO] # device.model                 = unknown
Cocos2d: [0.0235] [INFO] # device.language              = cn
Cocos2d: [0.0235] [INFO] # device.writablePath          = /Users/student/Desktop/day_gold/
Cocos2d: [0.0235] [INFO] # device.cachePath             = /Users/student/Desktop/day_gold/
Cocos2d: [0.0235] [INFO] # device.directorySeparator    = /
Cocos2d: [0.0235] [INFO] # device.pathSeparator         = :
Cocos2d: [0.0235] [INFO] #
Cocos2d: [0.0249] [INFO] # CONFIG_SCREEN_AUTOSCALE      = FIXED_WIDTH
Cocos2d: [0.0249] [INFO] # CONFIG_SCREEN_WIDTH          = 640.00
Cocos2d: [0.0249] [INFO] # CONFIG_SCREEN_HEIGHT         = 426.67
Cocos2d: [0.0249] [INFO] # display.widthInPixels        = 960.00
Cocos2d: [0.0250] [INFO] # display.heightInPixels       = 640.00
Cocos2d: [0.0250] [INFO] # display.contentScaleFactor   = 1.50
Cocos2d: [0.0250] [INFO] # display.width                = 640.00
Cocos2d: [0.0250] [INFO] # display.height               = 426.67
Cocos2d: [0.0250] [INFO] # display.cx                   = 320.00
Cocos2d: [0.0250] [INFO] # display.cy                   = 213.33
Cocos2d: [0.0250] [INFO] # display.left                 = 0.00
Cocos2d: [0.0250] [INFO] # display.right                = 640.00
Cocos2d: [0.0250] [INFO] # display.top                  = 426.67
Cocos2d: [0.0250] [INFO] # display.bottom               = 0.00
Cocos2d: [0.0250] [INFO] # display.c_left               = -320.00
Cocos2d: [0.0250] [INFO] # display.c_right              = 320.00
Cocos2d: [0.0250] [INFO] # display.c_top                = 213.33
Cocos2d: [0.0250] [INFO] # display.c_bottom             = -213.33
Cocos2d: [0.0250] [INFO] #
